-------------------------------------------------------------------------------
Test set: DAOs.ClienteDAOTest
-------------------------------------------------------------------------------
Tests run: 15, Failures: 0, Errors: 15, Skipped: 0, Time elapsed: 3.875 s <<< FAILURE! -- in DAOs.ClienteDAOTest
DAOs.ClienteDAOTest.testEliminarCliente_Fail -- Time elapsed: 3.686 s <<< ERROR!
java.lang.ExceptionInInitializerError
	at DAOs.ClienteDAO.registrarCliente(ClienteDAO.java:43)
	at DAOs.ClienteDAOTest.setUp(ClienteDAOTest.java:37)
	at java.base/java.lang.reflect.Method.invoke(Method.java:580)
	at java.base/java.util.ArrayList.forEach(ArrayList.java:1597)
	at java.base/java.util.ArrayList.forEach(ArrayList.java:1597)
Caused by: javax.persistence.PersistenceException: Exception [EclipseLink-4002] (Eclipse Persistence Services - 2.7.12.v20230209-e5c4074ef3): org.eclipse.persistence.exceptions.DatabaseException
Internal Exception: java.sql.SQLException: Access denied for user 'root'@'localhost' (using password: YES)
Error Code: 1045
	at org.eclipse.persistence.internal.jpa.EntityManagerSetupImpl.deploy(EntityManagerSetupImpl.java:854)
	at org.eclipse.persistence.internal.jpa.EntityManagerFactoryDelegate.getAbstractSession(EntityManagerFactoryDelegate.java:222)
	at org.eclipse.persistence.internal.jpa.EntityManagerFactoryDelegate.getDatabaseSession(EntityManagerFactoryDelegate.java:200)
	at org.eclipse.persistence.internal.jpa.EntityManagerFactoryImpl.getDatabaseSession(EntityManagerFactoryImpl.java:542)
	at org.eclipse.persistence.jpa.PersistenceProvider.createEntityManagerFactoryImpl(PersistenceProvider.java:153)
	at org.eclipse.persistence.jpa.PersistenceProvider.createEntityManagerFactory(PersistenceProvider.java:191)
	at javax.persistence.Persistence.createEntityManagerFactory(Persistence.java:80)
	at javax.persistence.Persistence.createEntityManagerFactory(Persistence.java:55)
	at conexion.ConexionBD.<clinit>(ConexionBD.java:16)
	... 5 more
Caused by: Exception [EclipseLink-4002] (Eclipse Persistence Services - 2.7.12.v20230209-e5c4074ef3): org.eclipse.persistence.exceptions.DatabaseException
Internal Exception: java.sql.SQLException: Access denied for user 'root'@'localhost' (using password: YES)
Error Code: 1045
	at org.eclipse.persistence.exceptions.DatabaseException.sqlException(DatabaseException.java:333)
	at org.eclipse.persistence.exceptions.DatabaseException.sqlException(DatabaseException.java:328)
	at org.eclipse.persistence.sessions.DefaultConnector.connect(DefaultConnector.java:140)
	at org.eclipse.persistence.sessions.DatasourceLogin.connectToDatasource(DatasourceLogin.java:172)
	at org.eclipse.persistence.internal.sessions.DatabaseSessionImpl.setOrDetectDatasource(DatabaseSessionImpl.java:226)
	at org.eclipse.persistence.internal.sessions.DatabaseSessionImpl.loginAndDetectDatasource(DatabaseSessionImpl.java:810)
	at org.eclipse.persistence.internal.jpa.EntityManagerFactoryProvider.login(EntityManagerFactoryProvider.java:261)
	at org.eclipse.persistence.internal.jpa.EntityManagerSetupImpl.deploy(EntityManagerSetupImpl.java:771)
	... 13 more
Caused by: java.sql.SQLException: Access denied for user 'root'@'localhost' (using password: YES)
	at com.mysql.cj.jdbc.exceptions.SQLError.createSQLException(SQLError.java:121)
	at com.mysql.cj.jdbc.exceptions.SQLExceptionsMapping.translateException(SQLExceptionsMapping.java:114)
	at com.mysql.cj.jdbc.ConnectionImpl.createNewIO(ConnectionImpl.java:845)
	at com.mysql.cj.jdbc.ConnectionImpl.<init>(ConnectionImpl.java:420)
	at com.mysql.cj.jdbc.ConnectionImpl.getInstance(ConnectionImpl.java:238)
	at com.mysql.cj.jdbc.NonRegisteringDriver.connect(NonRegisteringDriver.java:180)
	at java.sql/java.sql.DriverManager.getConnection(DriverManager.java:682)
	at java.sql/java.sql.DriverManager.getConnection(DriverManager.java:191)
	at org.eclipse.persistence.sessions.DefaultConnector.connect(DefaultConnector.java:100)
	... 18 more

DAOs.ClienteDAOTest.testObtenerFrecuentes -- Time elapsed: 0.008 s <<< ERROR!
java.lang.NoClassDefFoundError: Could not initialize class conexion.ConexionBD
	at DAOs.ClienteDAO.registrarCliente(ClienteDAO.java:43)
	at DAOs.ClienteDAOTest.setUp(ClienteDAOTest.java:37)
	at java.base/java.lang.reflect.Method.invoke(Method.java:580)
	at java.base/java.util.ArrayList.forEach(ArrayList.java:1597)
	at java.base/java.util.ArrayList.forEach(ArrayList.java:1597)
Caused by: java.lang.ExceptionInInitializerError: Exception javax.persistence.PersistenceException: Exception [EclipseLink-4002] (Eclipse Persistence Services - 2.7.12.v20230209-e5c4074ef3): org.eclipse.persistence.exceptions.DatabaseException
Internal Exception: java.sql.SQLException: Access denied for user 'root'@'localhost' (using password: YES)
Error Code: 1045 [in thread "main"]
	at org.eclipse.persistence.internal.jpa.EntityManagerSetupImpl.deploy(EntityManagerSetupImpl.java:854)
	at org.eclipse.persistence.internal.jpa.EntityManagerFactoryDelegate.getAbstractSession(EntityManagerFactoryDelegate.java:222)
	at org.eclipse.persistence.internal.jpa.EntityManagerFactoryDelegate.getDatabaseSession(EntityManagerFactoryDelegate.java:200)
	at org.eclipse.persistence.internal.jpa.EntityManagerFactoryImpl.getDatabaseSession(EntityManagerFactoryImpl.java:542)
	at org.eclipse.persistence.jpa.PersistenceProvider.createEntityManagerFactoryImpl(PersistenceProvider.java:153)
	at org.eclipse.persistence.jpa.PersistenceProvider.createEntityManagerFactory(PersistenceProvider.java:191)
	at javax.persistence.Persistence.createEntityManagerFactory(Persistence.java:80)
	at javax.persistence.Persistence.createEntityManagerFactory(Persistence.java:55)
	at conexion.ConexionBD.<clinit>(ConexionBD.java:16)
	... 5 more

DAOs.ClienteDAOTest.testCalcularTotalGastado_Exitoso -- Time elapsed: 0.008 s <<< ERROR!
java.lang.NoClassDefFoundError: Could not initialize class conexion.ConexionBD
	at DAOs.ClienteDAO.registrarCliente(ClienteDAO.java:43)
	at DAOs.ClienteDAOTest.setUp(ClienteDAOTest.java:37)
	at java.base/java.lang.reflect.Method.invoke(Method.java:580)
	at java.base/java.util.ArrayList.forEach(ArrayList.java:1597)
	at java.base/java.util.ArrayList.forEach(ArrayList.java:1597)
Caused by: java.lang.ExceptionInInitializerError: Exception javax.persistence.PersistenceException: Exception [EclipseLink-4002] (Eclipse Persistence Services - 2.7.12.v20230209-e5c4074ef3): org.eclipse.persistence.exceptions.DatabaseException
Internal Exception: java.sql.SQLException: Access denied for user 'root'@'localhost' (using password: YES)
Error Code: 1045 [in thread "main"]
	at org.eclipse.persistence.internal.jpa.EntityManagerSetupImpl.deploy(EntityManagerSetupImpl.java:854)
	at org.eclipse.persistence.internal.jpa.EntityManagerFactoryDelegate.getAbstractSession(EntityManagerFactoryDelegate.java:222)
	at org.eclipse.persistence.internal.jpa.EntityManagerFactoryDelegate.getDatabaseSession(EntityManagerFactoryDelegate.java:200)
	at org.eclipse.persistence.internal.jpa.EntityManagerFactoryImpl.getDatabaseSession(EntityManagerFactoryImpl.java:542)
	at org.eclipse.persistence.jpa.PersistenceProvider.createEntityManagerFactoryImpl(PersistenceProvider.java:153)
	at org.eclipse.persistence.jpa.PersistenceProvider.createEntityManagerFactory(PersistenceProvider.java:191)
	at javax.persistence.Persistence.createEntityManagerFactory(Persistence.java:80)
	at javax.persistence.Persistence.createEntityManagerFactory(Persistence.java:55)
	at conexion.ConexionBD.<clinit>(ConexionBD.java:16)
	... 5 more

DAOs.ClienteDAOTest.testBuscarCliente_Exitoso -- Time elapsed: 0.006 s <<< ERROR!
java.lang.NoClassDefFoundError: Could not initialize class conexion.ConexionBD
	at DAOs.ClienteDAO.registrarCliente(ClienteDAO.java:43)
	at DAOs.ClienteDAOTest.setUp(ClienteDAOTest.java:37)
	at java.base/java.lang.reflect.Method.invoke(Method.java:580)
	at java.base/java.util.ArrayList.forEach(ArrayList.java:1597)
	at java.base/java.util.ArrayList.forEach(ArrayList.java:1597)
Caused by: java.lang.ExceptionInInitializerError: Exception javax.persistence.PersistenceException: Exception [EclipseLink-4002] (Eclipse Persistence Services - 2.7.12.v20230209-e5c4074ef3): org.eclipse.persistence.exceptions.DatabaseException
Internal Exception: java.sql.SQLException: Access denied for user 'root'@'localhost' (using password: YES)
Error Code: 1045 [in thread "main"]
	at org.eclipse.persistence.internal.jpa.EntityManagerSetupImpl.deploy(EntityManagerSetupImpl.java:854)
	at org.eclipse.persistence.internal.jpa.EntityManagerFactoryDelegate.getAbstractSession(EntityManagerFactoryDelegate.java:222)
	at org.eclipse.persistence.internal.jpa.EntityManagerFactoryDelegate.getDatabaseSession(EntityManagerFactoryDelegate.java:200)
	at org.eclipse.persistence.internal.jpa.EntityManagerFactoryImpl.getDatabaseSession(EntityManagerFactoryImpl.java:542)
	at org.eclipse.persistence.jpa.PersistenceProvider.createEntityManagerFactoryImpl(PersistenceProvider.java:153)
	at org.eclipse.persistence.jpa.PersistenceProvider.createEntityManagerFactory(PersistenceProvider.java:191)
	at javax.persistence.Persistence.createEntityManagerFactory(Persistence.java:80)
	at javax.persistence.Persistence.createEntityManagerFactory(Persistence.java:55)
	at conexion.ConexionBD.<clinit>(ConexionBD.java:16)
	... 5 more

DAOs.ClienteDAOTest.testObtenerTodosLosClientes -- Time elapsed: 0.012 s <<< ERROR!
java.lang.NoClassDefFoundError: Could not initialize class conexion.ConexionBD
	at DAOs.ClienteDAO.registrarCliente(ClienteDAO.java:43)
	at DAOs.ClienteDAOTest.setUp(ClienteDAOTest.java:37)
	at java.base/java.lang.reflect.Method.invoke(Method.java:580)
	at java.base/java.util.ArrayList.forEach(ArrayList.java:1597)
	at java.base/java.util.ArrayList.forEach(ArrayList.java:1597)
Caused by: java.lang.ExceptionInInitializerError: Exception javax.persistence.PersistenceException: Exception [EclipseLink-4002] (Eclipse Persistence Services - 2.7.12.v20230209-e5c4074ef3): org.eclipse.persistence.exceptions.DatabaseException
Internal Exception: java.sql.SQLException: Access denied for user 'root'@'localhost' (using password: YES)
Error Code: 1045 [in thread "main"]
	at org.eclipse.persistence.internal.jpa.EntityManagerSetupImpl.deploy(EntityManagerSetupImpl.java:854)
	at org.eclipse.persistence.internal.jpa.EntityManagerFactoryDelegate.getAbstractSession(EntityManagerFactoryDelegate.java:222)
	at org.eclipse.persistence.internal.jpa.EntityManagerFactoryDelegate.getDatabaseSession(EntityManagerFactoryDelegate.java:200)
	at org.eclipse.persistence.internal.jpa.EntityManagerFactoryImpl.getDatabaseSession(EntityManagerFactoryImpl.java:542)
	at org.eclipse.persistence.jpa.PersistenceProvider.createEntityManagerFactoryImpl(PersistenceProvider.java:153)
	at org.eclipse.persistence.jpa.PersistenceProvider.createEntityManagerFactory(PersistenceProvider.java:191)
	at javax.persistence.Persistence.createEntityManagerFactory(Persistence.java:80)
	at javax.persistence.Persistence.createEntityManagerFactory(Persistence.java:55)
	at conexion.ConexionBD.<clinit>(ConexionBD.java:16)
	... 5 more

DAOs.ClienteDAOTest.testRegistrarCliente_Error -- Time elapsed: 0.002 s <<< ERROR!
java.lang.NoClassDefFoundError: Could not initialize class conexion.ConexionBD
	at DAOs.ClienteDAO.registrarCliente(ClienteDAO.java:43)
	at DAOs.ClienteDAOTest.setUp(ClienteDAOTest.java:37)
	at java.base/java.lang.reflect.Method.invoke(Method.java:580)
	at java.base/java.util.ArrayList.forEach(ArrayList.java:1597)
	at java.base/java.util.ArrayList.forEach(ArrayList.java:1597)
Caused by: java.lang.ExceptionInInitializerError: Exception javax.persistence.PersistenceException: Exception [EclipseLink-4002] (Eclipse Persistence Services - 2.7.12.v20230209-e5c4074ef3): org.eclipse.persistence.exceptions.DatabaseException
Internal Exception: java.sql.SQLException: Access denied for user 'root'@'localhost' (using password: YES)
Error Code: 1045 [in thread "main"]
	at org.eclipse.persistence.internal.jpa.EntityManagerSetupImpl.deploy(EntityManagerSetupImpl.java:854)
	at org.eclipse.persistence.internal.jpa.EntityManagerFactoryDelegate.getAbstractSession(EntityManagerFactoryDelegate.java:222)
	at org.eclipse.persistence.internal.jpa.EntityManagerFactoryDelegate.getDatabaseSession(EntityManagerFactoryDelegate.java:200)
	at org.eclipse.persistence.internal.jpa.EntityManagerFactoryImpl.getDatabaseSession(EntityManagerFactoryImpl.java:542)
	at org.eclipse.persistence.jpa.PersistenceProvider.createEntityManagerFactoryImpl(PersistenceProvider.java:153)
	at org.eclipse.persistence.jpa.PersistenceProvider.createEntityManagerFactory(PersistenceProvider.java:191)
	at javax.persistence.Persistence.createEntityManagerFactory(Persistence.java:80)
	at javax.persistence.Persistence.createEntityManagerFactory(Persistence.java:55)
	at conexion.ConexionBD.<clinit>(ConexionBD.java:16)
	... 5 more

DAOs.ClienteDAOTest.testBuscarFrecuentesPorFiltros_Fail -- Time elapsed: 0.002 s <<< ERROR!
java.lang.NoClassDefFoundError: Could not initialize class conexion.ConexionBD
	at DAOs.ClienteDAO.registrarCliente(ClienteDAO.java:43)
	at DAOs.ClienteDAOTest.setUp(ClienteDAOTest.java:37)
	at java.base/java.lang.reflect.Method.invoke(Method.java:580)
	at java.base/java.util.ArrayList.forEach(ArrayList.java:1597)
	at java.base/java.util.ArrayList.forEach(ArrayList.java:1597)
Caused by: java.lang.ExceptionInInitializerError: Exception javax.persistence.PersistenceException: Exception [EclipseLink-4002] (Eclipse Persistence Services - 2.7.12.v20230209-e5c4074ef3): org.eclipse.persistence.exceptions.DatabaseException
Internal Exception: java.sql.SQLException: Access denied for user 'root'@'localhost' (using password: YES)
Error Code: 1045 [in thread "main"]
	at org.eclipse.persistence.internal.jpa.EntityManagerSetupImpl.deploy(EntityManagerSetupImpl.java:854)
	at org.eclipse.persistence.internal.jpa.EntityManagerFactoryDelegate.getAbstractSession(EntityManagerFactoryDelegate.java:222)
	at org.eclipse.persistence.internal.jpa.EntityManagerFactoryDelegate.getDatabaseSession(EntityManagerFactoryDelegate.java:200)
	at org.eclipse.persistence.internal.jpa.EntityManagerFactoryImpl.getDatabaseSession(EntityManagerFactoryImpl.java:542)
	at org.eclipse.persistence.jpa.PersistenceProvider.createEntityManagerFactoryImpl(PersistenceProvider.java:153)
	at org.eclipse.persistence.jpa.PersistenceProvider.createEntityManagerFactory(PersistenceProvider.java:191)
	at javax.persistence.Persistence.createEntityManagerFactory(Persistence.java:80)
	at javax.persistence.Persistence.createEntityManagerFactory(Persistence.java:55)
	at conexion.ConexionBD.<clinit>(ConexionBD.java:16)
	... 5 more

DAOs.ClienteDAOTest.testRegistrarCliente_Exitoso -- Time elapsed: 0.004 s <<< ERROR!
java.lang.NoClassDefFoundError: Could not initialize class conexion.ConexionBD
	at DAOs.ClienteDAO.registrarCliente(ClienteDAO.java:43)
	at DAOs.ClienteDAOTest.setUp(ClienteDAOTest.java:37)
	at java.base/java.lang.reflect.Method.invoke(Method.java:580)
	at java.base/java.util.ArrayList.forEach(ArrayList.java:1597)
	at java.base/java.util.ArrayList.forEach(ArrayList.java:1597)
Caused by: java.lang.ExceptionInInitializerError: Exception javax.persistence.PersistenceException: Exception [EclipseLink-4002] (Eclipse Persistence Services - 2.7.12.v20230209-e5c4074ef3): org.eclipse.persistence.exceptions.DatabaseException
Internal Exception: java.sql.SQLException: Access denied for user 'root'@'localhost' (using password: YES)
Error Code: 1045 [in thread "main"]
	at org.eclipse.persistence.internal.jpa.EntityManagerSetupImpl.deploy(EntityManagerSetupImpl.java:854)
	at org.eclipse.persistence.internal.jpa.EntityManagerFactoryDelegate.getAbstractSession(EntityManagerFactoryDelegate.java:222)
	at org.eclipse.persistence.internal.jpa.EntityManagerFactoryDelegate.getDatabaseSession(EntityManagerFactoryDelegate.java:200)
	at org.eclipse.persistence.internal.jpa.EntityManagerFactoryImpl.getDatabaseSession(EntityManagerFactoryImpl.java:542)
	at org.eclipse.persistence.jpa.PersistenceProvider.createEntityManagerFactoryImpl(PersistenceProvider.java:153)
	at org.eclipse.persistence.jpa.PersistenceProvider.createEntityManagerFactory(PersistenceProvider.java:191)
	at javax.persistence.Persistence.createEntityManagerFactory(Persistence.java:80)
	at javax.persistence.Persistence.createEntityManagerFactory(Persistence.java:55)
	at conexion.ConexionBD.<clinit>(ConexionBD.java:16)
	... 5 more

DAOs.ClienteDAOTest.testEliminarCliente_Exitoso -- Time elapsed: 0.004 s <<< ERROR!
java.lang.NoClassDefFoundError: Could not initialize class conexion.ConexionBD
	at DAOs.ClienteDAO.registrarCliente(ClienteDAO.java:43)
	at DAOs.ClienteDAOTest.setUp(ClienteDAOTest.java:37)
	at java.base/java.lang.reflect.Method.invoke(Method.java:580)
	at java.base/java.util.ArrayList.forEach(ArrayList.java:1597)
	at java.base/java.util.ArrayList.forEach(ArrayList.java:1597)
Caused by: java.lang.ExceptionInInitializerError: Exception javax.persistence.PersistenceException: Exception [EclipseLink-4002] (Eclipse Persistence Services - 2.7.12.v20230209-e5c4074ef3): org.eclipse.persistence.exceptions.DatabaseException
Internal Exception: java.sql.SQLException: Access denied for user 'root'@'localhost' (using password: YES)
Error Code: 1045 [in thread "main"]
	at org.eclipse.persistence.internal.jpa.EntityManagerSetupImpl.deploy(EntityManagerSetupImpl.java:854)
	at org.eclipse.persistence.internal.jpa.EntityManagerFactoryDelegate.getAbstractSession(EntityManagerFactoryDelegate.java:222)
	at org.eclipse.persistence.internal.jpa.EntityManagerFactoryDelegate.getDatabaseSession(EntityManagerFactoryDelegate.java:200)
	at org.eclipse.persistence.internal.jpa.EntityManagerFactoryImpl.getDatabaseSession(EntityManagerFactoryImpl.java:542)
	at org.eclipse.persistence.jpa.PersistenceProvider.createEntityManagerFactoryImpl(PersistenceProvider.java:153)
	at org.eclipse.persistence.jpa.PersistenceProvider.createEntityManagerFactory(PersistenceProvider.java:191)
	at javax.persistence.Persistence.createEntityManagerFactory(Persistence.java:80)
	at javax.persistence.Persistence.createEntityManagerFactory(Persistence.java:55)
	at conexion.ConexionBD.<clinit>(ConexionBD.java:16)
	... 5 more

DAOs.ClienteDAOTest.testCalcularTotalGastado_Fail -- Time elapsed: 0.003 s <<< ERROR!
java.lang.NoClassDefFoundError: Could not initialize class conexion.ConexionBD
	at DAOs.ClienteDAO.registrarCliente(ClienteDAO.java:43)
	at DAOs.ClienteDAOTest.setUp(ClienteDAOTest.java:37)
	at java.base/java.lang.reflect.Method.invoke(Method.java:580)
	at java.base/java.util.ArrayList.forEach(ArrayList.java:1597)
	at java.base/java.util.ArrayList.forEach(ArrayList.java:1597)
Caused by: java.lang.ExceptionInInitializerError: Exception javax.persistence.PersistenceException: Exception [EclipseLink-4002] (Eclipse Persistence Services - 2.7.12.v20230209-e5c4074ef3): org.eclipse.persistence.exceptions.DatabaseException
Internal Exception: java.sql.SQLException: Access denied for user 'root'@'localhost' (using password: YES)
Error Code: 1045 [in thread "main"]
	at org.eclipse.persistence.internal.jpa.EntityManagerSetupImpl.deploy(EntityManagerSetupImpl.java:854)
	at org.eclipse.persistence.internal.jpa.EntityManagerFactoryDelegate.getAbstractSession(EntityManagerFactoryDelegate.java:222)
	at org.eclipse.persistence.internal.jpa.EntityManagerFactoryDelegate.getDatabaseSession(EntityManagerFactoryDelegate.java:200)
	at org.eclipse.persistence.internal.jpa.EntityManagerFactoryImpl.getDatabaseSession(EntityManagerFactoryImpl.java:542)
	at org.eclipse.persistence.jpa.PersistenceProvider.createEntityManagerFactoryImpl(PersistenceProvider.java:153)
	at org.eclipse.persistence.jpa.PersistenceProvider.createEntityManagerFactory(PersistenceProvider.java:191)
	at javax.persistence.Persistence.createEntityManagerFactory(Persistence.java:80)
	at javax.persistence.Persistence.createEntityManagerFactory(Persistence.java:55)
	at conexion.ConexionBD.<clinit>(ConexionBD.java:16)
	... 5 more

DAOs.ClienteDAOTest.testCalcularVisitas_Fail -- Time elapsed: 0.003 s <<< ERROR!
java.lang.NoClassDefFoundError: Could not initialize class conexion.ConexionBD
	at DAOs.ClienteDAO.registrarCliente(ClienteDAO.java:43)
	at DAOs.ClienteDAOTest.setUp(ClienteDAOTest.java:37)
	at java.base/java.lang.reflect.Method.invoke(Method.java:580)
	at java.base/java.util.ArrayList.forEach(ArrayList.java:1597)
	at java.base/java.util.ArrayList.forEach(ArrayList.java:1597)
Caused by: java.lang.ExceptionInInitializerError: Exception javax.persistence.PersistenceException: Exception [EclipseLink-4002] (Eclipse Persistence Services - 2.7.12.v20230209-e5c4074ef3): org.eclipse.persistence.exceptions.DatabaseException
Internal Exception: java.sql.SQLException: Access denied for user 'root'@'localhost' (using password: YES)
Error Code: 1045 [in thread "main"]
	at org.eclipse.persistence.internal.jpa.EntityManagerSetupImpl.deploy(EntityManagerSetupImpl.java:854)
	at org.eclipse.persistence.internal.jpa.EntityManagerFactoryDelegate.getAbstractSession(EntityManagerFactoryDelegate.java:222)
	at org.eclipse.persistence.internal.jpa.EntityManagerFactoryDelegate.getDatabaseSession(EntityManagerFactoryDelegate.java:200)
	at org.eclipse.persistence.internal.jpa.EntityManagerFactoryImpl.getDatabaseSession(EntityManagerFactoryImpl.java:542)
	at org.eclipse.persistence.jpa.PersistenceProvider.createEntityManagerFactoryImpl(PersistenceProvider.java:153)
	at org.eclipse.persistence.jpa.PersistenceProvider.createEntityManagerFactory(PersistenceProvider.java:191)
	at javax.persistence.Persistence.createEntityManagerFactory(Persistence.java:80)
	at javax.persistence.Persistence.createEntityManagerFactory(Persistence.java:55)
	at conexion.ConexionBD.<clinit>(ConexionBD.java:16)
	... 5 more

DAOs.ClienteDAOTest.testActualizarCliente_Fail -- Time elapsed: 0.003 s <<< ERROR!
java.lang.NoClassDefFoundError: Could not initialize class conexion.ConexionBD
	at DAOs.ClienteDAO.registrarCliente(ClienteDAO.java:43)
	at DAOs.ClienteDAOTest.setUp(ClienteDAOTest.java:37)
	at java.base/java.lang.reflect.Method.invoke(Method.java:580)
	at java.base/java.util.ArrayList.forEach(ArrayList.java:1597)
	at java.base/java.util.ArrayList.forEach(ArrayList.java:1597)
Caused by: java.lang.ExceptionInInitializerError: Exception javax.persistence.PersistenceException: Exception [EclipseLink-4002] (Eclipse Persistence Services - 2.7.12.v20230209-e5c4074ef3): org.eclipse.persistence.exceptions.DatabaseException
Internal Exception: java.sql.SQLException: Access denied for user 'root'@'localhost' (using password: YES)
Error Code: 1045 [in thread "main"]
	at org.eclipse.persistence.internal.jpa.EntityManagerSetupImpl.deploy(EntityManagerSetupImpl.java:854)
	at org.eclipse.persistence.internal.jpa.EntityManagerFactoryDelegate.getAbstractSession(EntityManagerFactoryDelegate.java:222)
	at org.eclipse.persistence.internal.jpa.EntityManagerFactoryDelegate.getDatabaseSession(EntityManagerFactoryDelegate.java:200)
	at org.eclipse.persistence.internal.jpa.EntityManagerFactoryImpl.getDatabaseSession(EntityManagerFactoryImpl.java:542)
	at org.eclipse.persistence.jpa.PersistenceProvider.createEntityManagerFactoryImpl(PersistenceProvider.java:153)
	at org.eclipse.persistence.jpa.PersistenceProvider.createEntityManagerFactory(PersistenceProvider.java:191)
	at javax.persistence.Persistence.createEntityManagerFactory(Persistence.java:80)
	at javax.persistence.Persistence.createEntityManagerFactory(Persistence.java:55)
	at conexion.ConexionBD.<clinit>(ConexionBD.java:16)
	... 5 more

DAOs.ClienteDAOTest.testBuscarCliente_Fail -- Time elapsed: 0.004 s <<< ERROR!
java.lang.NoClassDefFoundError: Could not initialize class conexion.ConexionBD
	at DAOs.ClienteDAO.registrarCliente(ClienteDAO.java:43)
	at DAOs.ClienteDAOTest.setUp(ClienteDAOTest.java:37)
	at java.base/java.lang.reflect.Method.invoke(Method.java:580)
	at java.base/java.util.ArrayList.forEach(ArrayList.java:1597)
	at java.base/java.util.ArrayList.forEach(ArrayList.java:1597)
Caused by: java.lang.ExceptionInInitializerError: Exception javax.persistence.PersistenceException: Exception [EclipseLink-4002] (Eclipse Persistence Services - 2.7.12.v20230209-e5c4074ef3): org.eclipse.persistence.exceptions.DatabaseException
Internal Exception: java.sql.SQLException: Access denied for user 'root'@'localhost' (using password: YES)
Error Code: 1045 [in thread "main"]
	at org.eclipse.persistence.internal.jpa.EntityManagerSetupImpl.deploy(EntityManagerSetupImpl.java:854)
	at org.eclipse.persistence.internal.jpa.EntityManagerFactoryDelegate.getAbstractSession(EntityManagerFactoryDelegate.java:222)
	at org.eclipse.persistence.internal.jpa.EntityManagerFactoryDelegate.getDatabaseSession(EntityManagerFactoryDelegate.java:200)
	at org.eclipse.persistence.internal.jpa.EntityManagerFactoryImpl.getDatabaseSession(EntityManagerFactoryImpl.java:542)
	at org.eclipse.persistence.jpa.PersistenceProvider.createEntityManagerFactoryImpl(PersistenceProvider.java:153)
	at org.eclipse.persistence.jpa.PersistenceProvider.createEntityManagerFactory(PersistenceProvider.java:191)
	at javax.persistence.Persistence.createEntityManagerFactory(Persistence.java:80)
	at javax.persistence.Persistence.createEntityManagerFactory(Persistence.java:55)
	at conexion.ConexionBD.<clinit>(ConexionBD.java:16)
	... 5 more

DAOs.ClienteDAOTest.testCalcularVisitas_Vacio -- Time elapsed: 0.007 s <<< ERROR!
java.lang.NoClassDefFoundError: Could not initialize class conexion.ConexionBD
	at DAOs.ClienteDAO.registrarCliente(ClienteDAO.java:43)
	at DAOs.ClienteDAOTest.setUp(ClienteDAOTest.java:37)
	at java.base/java.lang.reflect.Method.invoke(Method.java:580)
	at java.base/java.util.ArrayList.forEach(ArrayList.java:1597)
	at java.base/java.util.ArrayList.forEach(ArrayList.java:1597)
Caused by: java.lang.ExceptionInInitializerError: Exception javax.persistence.PersistenceException: Exception [EclipseLink-4002] (Eclipse Persistence Services - 2.7.12.v20230209-e5c4074ef3): org.eclipse.persistence.exceptions.DatabaseException
Internal Exception: java.sql.SQLException: Access denied for user 'root'@'localhost' (using password: YES)
Error Code: 1045 [in thread "main"]
	at org.eclipse.persistence.internal.jpa.EntityManagerSetupImpl.deploy(EntityManagerSetupImpl.java:854)
	at org.eclipse.persistence.internal.jpa.EntityManagerFactoryDelegate.getAbstractSession(EntityManagerFactoryDelegate.java:222)
	at org.eclipse.persistence.internal.jpa.EntityManagerFactoryDelegate.getDatabaseSession(EntityManagerFactoryDelegate.java:200)
	at org.eclipse.persistence.internal.jpa.EntityManagerFactoryImpl.getDatabaseSession(EntityManagerFactoryImpl.java:542)
	at org.eclipse.persistence.jpa.PersistenceProvider.createEntityManagerFactoryImpl(PersistenceProvider.java:153)
	at org.eclipse.persistence.jpa.PersistenceProvider.createEntityManagerFactory(PersistenceProvider.java:191)
	at javax.persistence.Persistence.createEntityManagerFactory(Persistence.java:80)
	at javax.persistence.Persistence.createEntityManagerFactory(Persistence.java:55)
	at conexion.ConexionBD.<clinit>(ConexionBD.java:16)
	... 5 more

DAOs.ClienteDAOTest.testActualizarCliente_Exitoso -- Time elapsed: 0.008 s <<< ERROR!
java.lang.NoClassDefFoundError: Could not initialize class conexion.ConexionBD
	at DAOs.ClienteDAO.registrarCliente(ClienteDAO.java:43)
	at DAOs.ClienteDAOTest.setUp(ClienteDAOTest.java:37)
	at java.base/java.lang.reflect.Method.invoke(Method.java:580)
	at java.base/java.util.ArrayList.forEach(ArrayList.java:1597)
	at java.base/java.util.ArrayList.forEach(ArrayList.java:1597)
Caused by: java.lang.ExceptionInInitializerError: Exception javax.persistence.PersistenceException: Exception [EclipseLink-4002] (Eclipse Persistence Services - 2.7.12.v20230209-e5c4074ef3): org.eclipse.persistence.exceptions.DatabaseException
Internal Exception: java.sql.SQLException: Access denied for user 'root'@'localhost' (using password: YES)
Error Code: 1045 [in thread "main"]
	at org.eclipse.persistence.internal.jpa.EntityManagerSetupImpl.deploy(EntityManagerSetupImpl.java:854)
	at org.eclipse.persistence.internal.jpa.EntityManagerFactoryDelegate.getAbstractSession(EntityManagerFactoryDelegate.java:222)
	at org.eclipse.persistence.internal.jpa.EntityManagerFactoryDelegate.getDatabaseSession(EntityManagerFactoryDelegate.java:200)
	at org.eclipse.persistence.internal.jpa.EntityManagerFactoryImpl.getDatabaseSession(EntityManagerFactoryImpl.java:542)
	at org.eclipse.persistence.jpa.PersistenceProvider.createEntityManagerFactoryImpl(PersistenceProvider.java:153)
	at org.eclipse.persistence.jpa.PersistenceProvider.createEntityManagerFactory(PersistenceProvider.java:191)
	at javax.persistence.Persistence.createEntityManagerFactory(Persistence.java:80)
	at javax.persistence.Persistence.createEntityManagerFactory(Persistence.java:55)
	at conexion.ConexionBD.<clinit>(ConexionBD.java:16)
	... 5 more

