<?xml version="1.0" encoding="UTF-8"?>
<testsuite xmlns:xsi="http://www.w3.org/2001/XMLSchema-instance" xsi:noNamespaceSchemaLocation="https://maven.apache.org/surefire/maven-surefire-plugin/xsd/surefire-test-report-3.0.xsd" version="3.0" name="DAOs.ClienteDAOTest" time="4.96" tests="15" errors="0" skipped="0" failures="0">
  <properties>
[...]
</properties>
  <testcase name="testEliminarCliente_Fail" classname="DAOs.ClienteDAOTest" time="2.897">
    <system-out><![CDATA[[EL Info]: 2026-04-07 21:49:10.335--ServerSession(45822040)--EclipseLink, version: Eclipse Persistence Services - 2.7.12.v20230209-e5c4074ef3
eliminarCliente
]]></system-out>
    <system-err><![CDATA[abr 07, 2026 9:49:11 P.M. DAOs.ClienteDAO registrarCliente
INFORMACIÓN: se insertó al cliente de nombre: Test
java.lang.IllegalArgumentException: An instance of a null PK has been incorrectly provided for this find operation.
	at org.eclipse.persistence.internal.jpa.EntityManagerImpl.findInternal(EntityManagerImpl.java:886)
	at org.eclipse.persistence.internal.jpa.EntityManagerImpl.find(EntityManagerImpl.java:830)
	at org.eclipse.persistence.internal.jpa.EntityManagerImpl.find(EntityManagerImpl.java:696)
	at DAOs.ClienteDAO.eliminarCliente(ClienteDAO.java:105)
	at DAOs.ClienteDAOTest.lambda$testEliminarCliente_Fail$0(ClienteDAOTest.java:118)
	at org.junit.jupiter.api.AssertThrows.assertThrows(AssertThrows.java:53)
	at org.junit.jupiter.api.AssertThrows.assertThrows(AssertThrows.java:35)
	at org.junit.jupiter.api.Assertions.assertThrows(Assertions.java:3115)
	at DAOs.ClienteDAOTest.testEliminarCliente_Fail(ClienteDAOTest.java:117)
	at java.base/jdk.internal.reflect.DirectMethodHandleAccessor.invoke(DirectMethodHandleAccessor.java:104)
	at java.base/java.lang.reflect.Method.invoke(Method.java:565)
	at org.junit.platform.commons.util.ReflectionUtils.invokeMethod(ReflectionUtils.java:728)
	at org.junit.jupiter.engine.execution.MethodInvocation.proceed(MethodInvocation.java:60)
	at org.junit.jupiter.engine.execution.InvocationInterceptorChain$ValidatingInvocation.proceed(InvocationInterceptorChain.java:131)
	at org.junit.jupiter.engine.extension.TimeoutExtension.intercept(TimeoutExtension.java:156)
	at org.junit.jupiter.engine.extension.TimeoutExtension.interceptTestableMethod(TimeoutExtension.java:147)
	at org.junit.jupiter.engine.extension.TimeoutExtension.interceptTestMethod(TimeoutExtension.java:86)
	at org.junit.jupiter.engine.execution.InterceptingExecutableInvoker$ReflectiveInterceptorCall.lambda$ofVoidMethod$0(InterceptingExecutableInvoker.java:103)
	at org.junit.jupiter.engine.execution.InterceptingExecutableInvoker.lambda$invoke$0(InterceptingExecutableInvoker.java:93)
	at org.junit.jupiter.engine.execution.InvocationInterceptorChain$InterceptedInvocation.proceed(InvocationInterceptorChain.java:106)
	at org.junit.jupiter.engine.execution.InvocationInterceptorChain.proceed(InvocationInterceptorChain.java:64)
	at org.junit.jupiter.engine.execution.InvocationInterceptorChain.chainAndInvoke(InvocationInterceptorChain.java:45)
	at org.junit.jupiter.engine.execution.InvocationInterceptorChain.invoke(InvocationInterceptorChain.java:37)
	at org.junit.jupiter.engine.execution.InterceptingExecutableInvoker.invoke(InterceptingExecutableInvoker.java:92)
	at org.junit.jupiter.engine.execution.InterceptingExecutableInvoker.invoke(InterceptingExecutableInvoker.java:86)
	at org.junit.jupiter.engine.descriptor.TestMethodTestDescriptor.lambda$invokeTestMethod$7(TestMethodTestDescriptor.java:218)
	at org.junit.platform.engine.support.hierarchical.ThrowableCollector.execute(ThrowableCollector.java:73)
	at org.junit.jupiter.engine.descriptor.TestMethodTestDescriptor.invokeTestMethod(TestMethodTestDescriptor.java:214)
	at org.junit.jupiter.engine.descriptor.TestMethodTestDescriptor.execute(TestMethodTestDescriptor.java:139)
	at org.junit.jupiter.engine.descriptor.TestMethodTestDescriptor.execute(TestMethodTestDescriptor.java:69)
	at org.junit.platform.engine.support.hierarchical.NodeTestTask.lambda$executeRecursively$6(NodeTestTask.java:151)
	at org.junit.platform.engine.support.hierarchical.ThrowableCollector.execute(ThrowableCollector.java:73)
	at org.junit.platform.engine.support.hierarchical.NodeTestTask.lambda$executeRecursively$8(NodeTestTask.java:141)
	at org.junit.platform.engine.support.hierarchical.Node.around(Node.java:137)
	at org.junit.platform.engine.support.hierarchical.NodeTestTask.lambda$executeRecursively$9(NodeTestTask.java:139)
	at org.junit.platform.engine.support.hierarchical.ThrowableCollector.execute(ThrowableCollector.java:73)
	at org.junit.platform.engine.support.hierarchical.NodeTestTask.executeRecursively(NodeTestTask.java:138)
	at org.junit.platform.engine.support.hierarchical.NodeTestTask.execute(NodeTestTask.java:95)
	at java.base/java.util.ArrayList.forEach(ArrayList.java:1604)
	at org.junit.platform.engine.support.hierarchical.SameThreadHierarchicalTestExecutorService.invokeAll(SameThreadHierarchicalTestExecutorService.java:41)
	at org.junit.platform.engine.support.hierarchical.NodeTestTask.lambda$executeRecursively$6(NodeTestTask.java:155)
	at org.junit.platform.engine.support.hierarchical.ThrowableCollector.execute(ThrowableCollector.java:73)
	at org.junit.platform.engine.support.hierarchical.NodeTestTask.lambda$executeRecursively$8(NodeTestTask.java:141)
	at org.junit.platform.engine.support.hierarchical.Node.around(Node.java:137)
	at org.junit.platform.engine.support.hierarchical.NodeTestTask.lambda$executeRecursively$9(NodeTestTask.java:139)
	at org.junit.platform.engine.support.hierarchical.ThrowableCollector.execute(ThrowableCollector.java:73)
	at org.junit.platform.engine.support.hierarchical.NodeTestTask.executeRecursively(NodeTestTask.java:138)
	at org.junit.platform.engine.support.hierarchical.NodeTestTask.execute(NodeTestTask.java:95)
	at java.base/java.util.ArrayList.forEach(ArrayList.java:1604)
	at org.junit.platform.engine.support.hierarchical.SameThreadHierarchicalTestExecutorService.invokeAll(SameThreadHierarchicalTestExecutorService.java:41)
	at org.junit.platform.engine.support.hierarchical.NodeTestTask.lambda$executeRecursively$6(NodeTestTask.java:155)
	at org.junit.platform.engine.support.hierarchical.ThrowableCollector.execute(ThrowableCollector.java:73)
	at org.junit.platform.engine.support.hierarchical.NodeTestTask.lambda$executeRecursively$8(NodeTestTask.java:141)
	at org.junit.platform.engine.support.hierarchical.Node.around(Node.java:137)
	at org.junit.platform.engine.support.hierarchical.NodeTestTask.lambda$executeRecursively$9(NodeTestTask.java:139)
	at org.junit.platform.engine.support.hierarchical.ThrowableCollector.execute(ThrowableCollector.java:73)
	at org.junit.platform.engine.support.hierarchical.NodeTestTask.executeRecursively(NodeTestTask.java:138)
	at org.junit.platform.engine.support.hierarchical.NodeTestTask.execute(NodeTestTask.java:95)
	at org.junit.platform.engine.support.hierarchical.SameThreadHierarchicalTestExecutorService.submit(SameThreadHierarchicalTestExecutorService.java:35)
	at org.junit.platform.engine.support.hierarchical.HierarchicalTestExecutor.execute(HierarchicalTestExecutor.java:57)
	at org.junit.platform.engine.support.hierarchical.HierarchicalTestEngine.execute(HierarchicalTestEngine.java:54)
	at org.junit.platform.launcher.core.EngineExecutionOrchestrator.execute(EngineExecutionOrchestrator.java:198)
	at org.junit.platform.launcher.core.EngineExecutionOrchestrator.execute(EngineExecutionOrchestrator.java:169)
	at org.junit.platform.launcher.core.EngineExecutionOrchestrator.execute(EngineExecutionOrchestrator.java:93)
	at org.junit.platform.launcher.core.EngineExecutionOrchestrator.lambda$execute$0(EngineExecutionOrchestrator.java:58)
	at org.junit.platform.launcher.core.EngineExecutionOrchestrator.withInterceptedStreams(EngineExecutionOrchestrator.java:141)
	at org.junit.platform.launcher.core.EngineExecutionOrchestrator.execute(EngineExecutionOrchestrator.java:57)
	at org.junit.platform.launcher.core.DefaultLauncher.execute(DefaultLauncher.java:103)
	at org.junit.platform.launcher.core.DefaultLauncher.execute(DefaultLauncher.java:85)
	at org.junit.platform.launcher.core.DelegatingLauncher.execute(DelegatingLauncher.java:47)
	at org.apache.maven.surefire.junitplatform.LazyLauncher.execute(LazyLauncher.java:56)
	at org.apache.maven.surefire.junitplatform.JUnitPlatformProvider.execute(JUnitPlatformProvider.java:184)
	at org.apache.maven.surefire.junitplatform.JUnitPlatformProvider.invokeAllTests(JUnitPlatformProvider.java:148)
	at org.apache.maven.surefire.junitplatform.JUnitPlatformProvider.invoke(JUnitPlatformProvider.java:122)
	at org.apache.maven.surefire.booter.ForkedBooter.runSuitesInProcess(ForkedBooter.java:385)
	at org.apache.maven.surefire.booter.ForkedBooter.execute(ForkedBooter.java:162)
	at org.apache.maven.surefire.booter.ForkedBooter.run(ForkedBooter.java:507)
	at org.apache.maven.surefire.booter.ForkedBooter.main(ForkedBooter.java:495)
abr 07, 2026 9:49:12 P.M. DAOs.ClienteDAO eliminarCliente
ADVERTENCIA: Ocurrió un error al intentar eliminar al cliente con id: null
]]></system-err>
  </testcase>
  <testcase name="testObtenerFrecuentes" classname="DAOs.ClienteDAOTest" time="0.48">
    <system-out><![CDATA[obtenerFrecuentes
]]></system-out>
    <system-err><![CDATA[abr 07, 2026 9:49:12 P.M. DAOs.ClienteDAO registrarCliente
INFORMACIÓN: se insertó al cliente de nombre: Test
]]></system-err>
  </testcase>
  <testcase name="testCalcularTotalGastado_Exitoso" classname="DAOs.ClienteDAOTest" time="0.082">
    <system-out><![CDATA[calcularTotalGastado
]]></system-out>
    <system-err><![CDATA[abr 07, 2026 9:49:12 P.M. DAOs.ClienteDAO registrarCliente
INFORMACIÓN: se insertó al cliente de nombre: Test
abr 07, 2026 9:49:12 P.M. DAOs.ClienteDAO calcularTotalGastado
INFORMACIÓN: El cliente de id 128 no  ha gastado nada aún
]]></system-err>
  </testcase>
  <testcase name="testBuscarCliente_Exitoso" classname="DAOs.ClienteDAOTest" time="0.026">
    <system-out><![CDATA[buscarCliente
]]></system-out>
    <system-err><![CDATA[abr 07, 2026 9:49:12 P.M. DAOs.ClienteDAO registrarCliente
INFORMACIÓN: se insertó al cliente de nombre: Test
abr 07, 2026 9:49:12 P.M. DAOs.ClienteDAO buscarCliente
INFORMACIÓN: Se encontró al cliente con id: 129
]]></system-err>
  </testcase>
  <testcase name="testObtenerTodosLosClientes" classname="DAOs.ClienteDAOTest" time="0.079">
    <system-out><![CDATA[obtenerTodosLosClientes
]]></system-out>
    <system-err><![CDATA[abr 07, 2026 9:49:12 P.M. DAOs.ClienteDAO registrarCliente
INFORMACIÓN: se insertó al cliente de nombre: Test
]]></system-err>
  </testcase>
  <testcase name="testRegistrarCliente_Error" classname="DAOs.ClienteDAOTest" time="1.023">
    <system-out><![CDATA[registrarCliente
[EL Warning]: 2026-04-07 21:49:13.784--UnitOfWork(1454136448)--Exception [EclipseLink-4002] (Eclipse Persistence Services - 2.7.12.v20230209-e5c4074ef3): org.eclipse.persistence.exceptions.DatabaseException
Internal Exception: java.sql.SQLIntegrityConstraintViolationException: Column 'nombres' cannot be null
Error Code: 1048
Call: INSERT INTO clientes (apellido_materno, apellido_paterno, correo, fecha_registro, nombres, telefono, tipo_cliente) VALUES (?, ?, ?, ?, ?, ?, ?)
	bind => [7 parameters bound]
Query: InsertObjectQuery(com.mycompany.persistenciamodulo.Cliente[ id=null ])
]]></system-out>
    <system-err><![CDATA[abr 07, 2026 9:49:12 P.M. DAOs.ClienteDAO registrarCliente
INFORMACIÓN: se insertó al cliente de nombre: Test
abr 07, 2026 9:49:13 P.M. DAOs.ClienteDAO registrarCliente
ADVERTENCIA: Ocurrió un error al intentar insertar al cliente de nombre: null
]]></system-err>
  </testcase>
  <testcase name="testBuscarFrecuentesPorFiltros_Fail" classname="DAOs.ClienteDAOTest" time="0.032">
    <system-out><![CDATA[buscarFrecuentesPorFiltros
]]></system-out>
    <system-err><![CDATA[abr 07, 2026 9:49:13 P.M. DAOs.ClienteDAO registrarCliente
INFORMACIÓN: se insertó al cliente de nombre: Test
]]></system-err>
  </testcase>
  <testcase name="testRegistrarCliente_Exitoso" classname="DAOs.ClienteDAOTest" time="0.032">
    <system-out><![CDATA[registrarCliente
]]></system-out>
    <system-err><![CDATA[abr 07, 2026 9:49:13 P.M. DAOs.ClienteDAO registrarCliente
INFORMACIÓN: se insertó al cliente de nombre: Test
abr 07, 2026 9:49:13 P.M. DAOs.ClienteDAO registrarCliente
INFORMACIÓN: se insertó al cliente de nombre: Dayanara
]]></system-err>
  </testcase>
  <testcase name="testEliminarCliente_Exitoso" classname="DAOs.ClienteDAOTest" time="0.037">
    <system-out><![CDATA[eliminarCliente
]]></system-out>
    <system-err><![CDATA[abr 07, 2026 9:49:13 P.M. DAOs.ClienteDAO registrarCliente
INFORMACIÓN: se insertó al cliente de nombre: Test
abr 07, 2026 9:49:13 P.M. DAOs.ClienteDAO eliminarCliente
INFORMACIÓN: Se eliminó al cliente con id: 135
abr 07, 2026 9:49:13 P.M. DAOs.ClienteDAO buscarCliente
ADVERTENCIA: No se encontró ningún cliente con id: 135
]]></system-err>
  </testcase>
  <testcase name="testCalcularTotalGastado_Fail" classname="DAOs.ClienteDAOTest" time="0.023">
    <system-out><![CDATA[calcularTotalGastado
]]></system-out>
    <system-err><![CDATA[abr 07, 2026 9:49:13 P.M. DAOs.ClienteDAO registrarCliente
INFORMACIÓN: se insertó al cliente de nombre: Test
abr 07, 2026 9:49:13 P.M. DAOs.ClienteDAO calcularTotalGastado
INFORMACIÓN: El cliente de id null no  ha gastado nada aún
]]></system-err>
  </testcase>
  <testcase name="testCalcularVisitas_Fail" classname="DAOs.ClienteDAOTest" time="0.027">
    <system-out><![CDATA[calcularVisitas
]]></system-out>
    <system-err><![CDATA[abr 07, 2026 9:49:13 P.M. DAOs.ClienteDAO registrarCliente
INFORMACIÓN: se insertó al cliente de nombre: Test
]]></system-err>
  </testcase>
  <testcase name="testActualizarCliente_Fail" classname="DAOs.ClienteDAOTest" time="0.021">
    <system-out><![CDATA[actualizarCliente
]]></system-out>
    <system-err><![CDATA[abr 07, 2026 9:49:13 P.M. DAOs.ClienteDAO registrarCliente
INFORMACIÓN: se insertó al cliente de nombre: Test
]]></system-err>
  </testcase>
  <testcase name="testBuscarCliente_Fail" classname="DAOs.ClienteDAOTest" time="0.023">
    <system-out><![CDATA[buscarCliente
]]></system-out>
    <system-err><![CDATA[abr 07, 2026 9:49:14 P.M. DAOs.ClienteDAO registrarCliente
INFORMACIÓN: se insertó al cliente de nombre: Test
abr 07, 2026 9:49:14 P.M. DAOs.ClienteDAO buscarCliente
ADVERTENCIA: No se encontró ningún cliente con id: -1
]]></system-err>
  </testcase>
  <testcase name="testCalcularVisitas_Vacio" classname="DAOs.ClienteDAOTest" time="0.022">
    <system-out><![CDATA[calcularVisitas
]]></system-out>
    <system-err><![CDATA[abr 07, 2026 9:49:14 P.M. DAOs.ClienteDAO registrarCliente
INFORMACIÓN: se insertó al cliente de nombre: Test
]]></system-err>
  </testcase>
  <testcase name="testActualizarCliente_Exitoso" classname="DAOs.ClienteDAOTest" time="0.03">
    <system-out><![CDATA[actualizarCliente
]]></system-out>
    <system-err><![CDATA[abr 07, 2026 9:49:14 P.M. DAOs.ClienteDAO registrarCliente
INFORMACIÓN: se insertó al cliente de nombre: Test
abr 07, 2026 9:49:14 P.M. DAOs.ClienteDAO buscarCliente
INFORMACIÓN: Se encontró al cliente con id: 141
abr 07, 2026 9:49:14 P.M. DAOs.ClienteDAO actualizarCliente
INFORMACIÓN: Se actualizó el cliente con id: 141
]]></system-err>
  </testcase>
</testsuite>